<?xml version="1.0" encoding="UTF-8"?>
<testsuite name="ClientTest" tests="10" skipped="0" failures="0" errors="0" timestamp="2016-05-15T22:03:17" hostname="epicodus-45.local" time="0.216">
  <properties/>
  <testcase name="save_savesObjectIntoDatabase_true" classname="ClientTest" time="0.107"/>
  <testcase name="deleteClients_deletesClientsfromDatabase_true" classname="ClientTest" time="0.02"/>
  <testcase name="find_findClientInDatabase_true" classname="ClientTest" time="0.018"/>
  <testcase name="equals_returnsTrueIfDescriptionsAreTheSame_true" classname="ClientTest" time="0.005"/>
  <testcase name="updateStylistId_updateStylistIdInDatabase_true" classname="ClientTest" time="0.017"/>
  <testcase name="Client_instantiatesCorrectly_true" classname="ClientTest" time="0.006"/>
  <testcase name="update_updateClientNameInDatabase_true" classname="ClientTest" time="0.017"/>
  <testcase name="Client_instantiatedwithString_String" classname="ClientTest" time="0.004"/>
  <testcase name="save_assignsIdToObject_int" classname="ClientTest" time="0.013"/>
  <testcase name="all_EmptyAtFirst_true" classname="ClientTest" time="0.007"/>
  <system-out><![CDATA[]]></system-out>
  <system-err><![CDATA[]]></system-err>
</testsuite>
