<?xml version="1.0" encoding="UTF-8"?>
<testsuite name="StylistTest" tests="10" skipped="0" failures="0" errors="0" timestamp="2016-05-16T22:56:48" hostname="epicodus-67.local" time="0.127">
  <properties/>
  <testcase name="equals_returnsTrueIfDescriptionsAretheSame" classname="StylistTest" time="0.005"/>
  <testcase name="saveStylist_assignsIdToObject_true" classname="StylistTest" time="0.014"/>
  <testcase name="getStylist_instantiatesWithName_String" classname="StylistTest" time="0.004"/>
  <testcase name="all_emptyListOfStylistAtFirst_Zero" classname="StylistTest" time="0.009"/>
  <testcase name="Stylist_instantiatesCorrectly_true" classname="StylistTest" time="0.004"/>
  <testcase name="deleteStylists_deletesStylistsfromDatabase_true" classname="StylistTest" time="0.018"/>
  <testcase name="find_findStylistInDatabase_true" classname="StylistTest" time="0.015"/>
  <testcase name="save_savesStylistToDatabase_true" classname="StylistTest" time="0.015"/>
  <testcase name="getClients_getClientsReturnsAllClientsForThisStylist_true" classname="StylistTest" time="0.023"/>
  <testcase name="update_updateStylistNameInDatabase_true" classname="StylistTest" time="0.019"/>
  <system-out><![CDATA[]]></system-out>
  <system-err><![CDATA[]]></system-err>
</testsuite>
