<?xml version="1.0" encoding="UTF-8"?>
<testsuite name="StylistTest" tests="9" skipped="0" failures="0" errors="0" timestamp="2016-05-15T22:03:17" hostname="epicodus-45.local" time="0.093">
  <properties/>
  <testcase name="equals_returnsTrueIfDescriptionsAretheSame" classname="StylistTest" time="0.004"/>
  <testcase name="saveStylist_assignsIdToObject_true" classname="StylistTest" time="0.014"/>
  <testcase name="getStylist_instantiatesWithName_String" classname="StylistTest" time="0.005"/>
  <testcase name="all_emptyListOfStylistAtFirst_Zero" classname="StylistTest" time="0.007"/>
  <testcase name="Stylist_instantiatesCorrectly_true" classname="StylistTest" time="0.003"/>
  <testcase name="deleteStylists_deletesStylistsfromDatabase_true" classname="StylistTest" time="0.016"/>
  <testcase name="find_findStylistInDatabase_true" classname="StylistTest" time="0.013"/>
  <testcase name="save_savesStylistToDatabase_true" classname="StylistTest" time="0.012"/>
  <testcase name="update_updateStylistNameInDatabase_true" classname="StylistTest" time="0.017"/>
  <system-out><![CDATA[]]></system-out>
  <system-err><![CDATA[]]></system-err>
</testsuite>
